# JRE version: Java(TM) SE Runtime Environment (21.0.10+8) (build 21.0.10+8-LTS-217)
# Java VM: Java HotSpot(TM) 64-Bit Server VM (21.0.10+8-LTS-217, mixed mode, sharing, tiered, compressed oops, compressed class ptrs, g1 gc, windows-amd64)
GC Precious Log:
 CardTable entry size: 512
 Card Set container configuration: InlinePtr #cards 4 size 8 Array Of Cards #cards 16 size 48 Howl #buckets 8 coarsen threshold 3686 Howl Bitmap #cards 512 size 80 coarsen threshold 460 Card regions per heap region 1 cards per card region 4096
 CPUs: 12 total, 12 available
 Memory: 15690M
 Large Page Support: Disabled
 NUMA Support: Disabled
 Compressed Oops: Enabled (Zero based)
 Heap Region Size: 2M
 Heap Min Capacity: 8M
 Heap Initial Capacity: 246M
 Heap Max Capacity: 3924M
 Pre-touch: Disabled
 Parallel Workers: 10
 Concurrent Workers: 3
 Concurrent Refinement Workers: 10
 Periodic GC: Disabled
Heap:
 garbage-first heap   total 118784K, used 91030K [0x000000070ac00000, 0x0000000800000000)
  region size 2048K, 25 young (51200K), 3 survivors (6144K)
 Metaspace       used 106307K, committed 107200K, reserved 1179648K
  class space    used 14414K, committed 14848K, reserved 1048576K
GC Heap History (20 events):
Event: 6.247 GC heap before
{Heap before GC invocations=12 (full 0):
 garbage-first heap   total 98304K, used 84144K [0x000000070ac00000, 0x0000000800000000)
  region size 2048K, 28 young (57344K), 2 survivors (4096K)
 Metaspace       used 69564K, committed 70208K, reserved 1114112K
  class space    used 9248K, committed 9536K, reserved 1048576K
}
Event: 6.256 GC heap after
{Heap after GC invocations=13 (full 0):
 garbage-first heap   total 98304K, used 32761K [0x000000070ac00000, 0x0000000800000000)
  region size 2048K, 3 young (6144K), 3 survivors (6144K)
 Metaspace       used 69564K, committed 70208K, reserved 1114112K
  class space    used 9248K, committed 9536K, reserved 1048576K
}
Event: 7.872 GC heap before
{Heap before GC invocations=13 (full 0):
 garbage-first heap   total 98304K, used 81913K [0x000000070ac00000, 0x0000000800000000)
  region size 2048K, 28 young (57344K), 3 survivors (6144K)
 Metaspace       used 78199K, committed 78912K, reserved 1179648K
  class space    used 10556K, committed 10880K, reserved 1048576K
}
Event: 7.878 GC heap after
{Heap after GC invocations=14 (full 0):
 garbage-first heap   total 98304K, used 36111K [0x000000070ac00000, 0x0000000800000000)
  region size 2048K, 4 young (8192K), 4 survivors (8192K)
 Metaspace       used 78199K, committed 78912K, reserved 1179648K
  class space    used 10556K, committed 10880K, reserved 1048576K
}
Event: 8.896 GC heap before
{Heap before GC invocations=14 (full 0):
 garbage-first heap   total 98304K, used 79119K [0x000000070ac00000, 0x0000000800000000)
  region size 2048K, 26 young (53248K), 4 survivors (8192K)
 Metaspace       used 82636K, committed 83328K, reserved 1179648K
  class space    used 11362K, committed 11712K, reserved 1048576K
}
Event: 8.901 GC heap after
{Heap after GC invocations=15 (full 0):
 garbage-first heap   total 98304K, used 38653K [0x000000070ac00000, 0x0000000800000000)
  region size 2048K, 4 young (8192K), 4 survivors (8192K)
 Metaspace       used 82636K, committed 83328K, reserved 1179648K
  class space    used 11362K, committed 11712K, reserved 1048576K
}
Event: 9.178 GC heap before
{Heap before GC invocations=15 (full 0):
 garbage-first heap   total 98304K, used 81661K [0x000000070ac00000, 0x0000000800000000)
  region size 2048K, 25 young (51200K), 4 survivors (8192K)
 Metaspace       used 82910K, committed 83584K, reserved 1179648K
  class space    used 11386K, committed 11712K, reserved 1048576K
}
Event: 9.183 GC heap after
{Heap after GC invocations=16 (full 0):
 garbage-first heap   total 98304K, used 42485K [0x000000070ac00000, 0x0000000800000000)
  region size 2048K, 4 young (8192K), 4 survivors (8192K)
 Metaspace       used 82910K, committed 83584K, reserved 1179648K
  class space    used 11386K, committed 11712K, reserved 1048576K
}
Event: 9.286 GC heap before
{Heap before GC invocations=17 (full 0):
 garbage-first heap   total 98304K, used 81397K [0x000000070ac00000, 0x0000000800000000)
  region size 2048K, 23 young (47104K), 4 survivors (8192K)
 Metaspace       used 82917K, committed 83584K, reserved 1179648K
  class space    used 11393K, committed 11712K, reserved 1048576K
}
Event: 9.288 GC heap after
{Heap after GC invocations=18 (full 0):
 garbage-first heap   total 98304K, used 40332K [0x000000070ac00000, 0x0000000800000000)
  region size 2048K, 1 young (2048K), 1 survivors (2048K)
 Metaspace       used 82917K, committed 83584K, reserved 1179648K
  class space    used 11393K, committed 11712K, reserved 1048576K
}
Event: 9.370 GC heap before
{Heap before GC invocations=18 (full 0):
 garbage-first heap   total 98304K, used 85388K [0x000000070ac00000, 0x0000000800000000)
  region size 2048K, 23 young (47104K), 1 survivors (2048K)
 Metaspace       used 82919K, committed 83584K, reserved 1179648K
  class space    used 11393K, committed 11712K, reserved 1048576K
}
Event: 9.372 GC heap after
{Heap after GC invocations=19 (full 0):
 garbage-first heap   total 98304K, used 39992K [0x000000070ac00000, 0x0000000800000000)
  region size 2048K, 1 young (2048K), 1 survivors (2048K)
 Metaspace       used 82919K, committed 83584K, reserved 1179648K
  class space    used 11393K, committed 11712K, reserved 1048576K
}
Event: 9.523 GC heap before
{Heap before GC invocations=19 (full 0):
 garbage-first heap   total 98304K, used 89144K [0x000000070ac00000, 0x0000000800000000)
  region size 2048K, 25 young (51200K), 1 survivors (2048K)
 Metaspace       used 82919K, committed 83584K, reserved 1179648K
  class space    used 11393K, committed 11712K, reserved 1048576K
}
Event: 9.525 GC heap after
{Heap after GC invocations=20 (full 0):
 garbage-first heap   total 98304K, used 40062K [0x000000070ac00000, 0x0000000800000000)
  region size 2048K, 1 young (2048K), 1 survivors (2048K)
 Metaspace       used 82919K, committed 83584K, reserved 1179648K
  class space    used 11393K, committed 11712K, reserved 1048576K
}
Event: 9.713 GC heap before
{Heap before GC invocations=21 (full 0):
 garbage-first heap   total 98304K, used 89214K [0x000000070ac00000, 0x0000000800000000)
  region size 2048K, 25 young (51200K), 1 survivors (2048K)
 Metaspace       used 82938K, committed 83648K, reserved 1179648K
  class space    used 11401K, committed 11712K, reserved 1048576K
}
Event: 9.715 GC heap after
{Heap after GC invocations=22 (full 0):
 garbage-first heap   total 118784K, used 40376K [0x000000070ac00000, 0x0000000800000000)
  region size 2048K, 1 young (2048K), 1 survivors (2048K)
 Metaspace       used 82938K, committed 83648K, reserved 1179648K
  class space    used 11401K, committed 11712K, reserved 1048576K
}
Event: 10.877 GC heap before
{Heap before GC invocations=22 (full 0):
 garbage-first heap   total 118784K, used 107960K [0x000000070ac00000, 0x0000000800000000)
  region size 2048K, 34 young (69632K), 1 survivors (2048K)
 Metaspace       used 89545K, committed 90304K, reserved 1179648K
  class space    used 12124K, committed 12480K, reserved 1048576K
}
Event: 10.883 GC heap after
{Heap after GC invocations=23 (full 0):
 garbage-first heap   total 118784K, used 45689K [0x000000070ac00000, 0x0000000800000000)
  region size 2048K, 4 young (8192K), 4 survivors (8192K)
 Metaspace       used 89545K, committed 90304K, reserved 1179648K
  class space    used 12124K, committed 12480K, reserved 1048576K
}
Event: 11.936 GC heap before
{Heap before GC invocations=23 (full 0):
 garbage-first heap   total 118784K, used 98937K [0x000000070ac00000, 0x0000000800000000)
  region size 2048K, 31 young (63488K), 4 survivors (8192K)
 Metaspace       used 97202K, committed 97984K, reserved 1179648K
  class space    used 13206K, committed 13568K, reserved 1048576K
}
Event: 11.942 GC heap after
{Heap after GC invocations=24 (full 0):
 garbage-first heap   total 118784K, used 50070K [0x000000070ac00000, 0x0000000800000000)
  region size 2048K, 3 young (6144K), 3 survivors (6144K)
 Metaspace       used 97202K, committed 97984K, reserved 1179648K
  class space    used 13206K, committed 13568K, reserved 1048576K
}

